2024-05-29 00:20:17,719 INFO o.a.j.u.JMeterUtils: Setting Locale to en_EN
2024-05-29 00:20:17,752 INFO o.a.j.JMeter: Loading user properties from: C:\Users\admin\Downloads\apache-jmeter-5.6.3\apache-jmeter-5.6.3\bin\user.properties
2024-05-29 00:20:17,753 INFO o.a.j.JMeter: Loading system properties from: C:\Users\admin\Downloads\apache-jmeter-5.6.3\apache-jmeter-5.6.3\bin\system.properties
2024-05-29 00:20:17,761 INFO o.a.j.JMeter: Copyright (c) 1998-2024 The Apache Software Foundation
2024-05-29 00:20:17,761 INFO o.a.j.JMeter: Version 5.6.3
2024-05-29 00:20:17,761 INFO o.a.j.JMeter: java.version=18.0.2.1
2024-05-29 00:20:17,761 INFO o.a.j.JMeter: java.vm.name=Java HotSpot(TM) 64-Bit Server VM
2024-05-29 00:20:17,764 INFO o.a.j.JMeter: os.name=Windows 10
2024-05-29 00:20:17,764 INFO o.a.j.JMeter: os.arch=amd64
2024-05-29 00:20:17,764 INFO o.a.j.JMeter: os.version=10.0
2024-05-29 00:20:17,765 INFO o.a.j.JMeter: file.encoding=UTF-8
2024-05-29 00:20:17,765 INFO o.a.j.JMeter: java.awt.headless=true
2024-05-29 00:20:17,765 INFO o.a.j.JMeter: Max memory     =1073741824
2024-05-29 00:20:17,765 INFO o.a.j.JMeter: Available Processors =4
2024-05-29 00:20:17,785 INFO o.a.j.JMeter: Default Locale=English (EN)
2024-05-29 00:20:17,785 INFO o.a.j.JMeter: JMeter  Locale=English (EN)
2024-05-29 00:20:17,785 INFO o.a.j.JMeter: JMeterHome=C:\Users\admin\Downloads\apache-jmeter-5.6.3\apache-jmeter-5.6.3
2024-05-29 00:20:17,785 INFO o.a.j.JMeter: user.dir  =D:\Daffa\Tugas TC\progjar\progjar
2024-05-29 00:20:17,785 INFO o.a.j.JMeter: PWD       =D:\Daffa\Tugas TC\progjar\progjar
2024-05-29 00:20:17,787 INFO o.a.j.JMeter: IP: 192.168.32.1 Name: DESKTOP-6E4JM7G FullName: DESKTOP-6E4JM7G.mshome.net
2024-05-29 00:20:17,803 INFO o.a.j.JMeter: Setting property 'jmeter.reportgenerator.outputdir' to:'C:\Users\admin\Downloads\apache-jmeter-5.6.3\apache-jmeter-5.6.3\bin\result\result10thread'
2024-05-29 00:20:17,806 INFO o.a.j.s.FileServer: Default base='D:\Daffa\Tugas TC\progjar\progjar'
2024-05-29 00:20:17,808 INFO o.a.j.s.FileServer: Set new base='C:\Users\admin\Downloads\apache-jmeter-5.6.3\apache-jmeter-5.6.3\bin'
2024-05-29 00:20:18,104 INFO o.a.j.s.SaveService: Testplan (JMX) version: 2.2. Testlog (JTL) version: 2.2
2024-05-29 00:20:18,140 INFO o.a.j.s.SaveService: Using SaveService properties version 5.0
2024-05-29 00:20:18,144 INFO o.a.j.s.SaveService: Using SaveService properties file encoding UTF-8
2024-05-29 00:20:18,149 INFO o.a.j.s.SaveService: Loading file: C:\Users\admin\Downloads\apache-jmeter-5.6.3\apache-jmeter-5.6.3\bin\Req_8443.jmx
2024-05-29 00:20:18,239 INFO o.a.j.p.h.s.HTTPSamplerBase: Parser for text/html is org.apache.jmeter.protocol.http.parser.LagartoBasedHtmlParser
2024-05-29 00:20:18,240 INFO o.a.j.p.h.s.HTTPSamplerBase: Parser for application/xhtml+xml is org.apache.jmeter.protocol.http.parser.LagartoBasedHtmlParser
2024-05-29 00:20:18,240 INFO o.a.j.p.h.s.HTTPSamplerBase: Parser for application/xml is org.apache.jmeter.protocol.http.parser.LagartoBasedHtmlParser
2024-05-29 00:20:18,240 INFO o.a.j.p.h.s.HTTPSamplerBase: Parser for text/xml is org.apache.jmeter.protocol.http.parser.LagartoBasedHtmlParser
2024-05-29 00:20:18,240 INFO o.a.j.p.h.s.HTTPSamplerBase: Parser for text/vnd.wap.wml is org.apache.jmeter.protocol.http.parser.RegexpHTMLParser
2024-05-29 00:20:18,240 INFO o.a.j.p.h.s.HTTPSamplerBase: Parser for text/css is org.apache.jmeter.protocol.http.parser.CssParser
2024-05-29 00:20:18,294 INFO o.a.j.JMeter: Creating summariser <summary>
2024-05-29 00:20:18,298 INFO o.a.j.r.d.ReportGenerator: ReportGenerator will use for Parsing the separator: ','
2024-05-29 00:20:18,300 INFO o.a.j.r.d.ReportGenerator: Will generate report at end of test from  results file: C:\Users\admin\Downloads\apache-jmeter-5.6.3\apache-jmeter-5.6.3\bin\result\results10thread.csv
2024-05-29 00:20:18,300 INFO o.a.j.r.d.ReportGenerator: Reading report generator properties from: C:\Users\admin\Downloads\apache-jmeter-5.6.3\apache-jmeter-5.6.3\bin\reportgenerator.properties
2024-05-29 00:20:18,300 INFO o.a.j.r.d.ReportGenerator: Merging with JMeter properties
2024-05-29 00:20:18,307 INFO o.a.j.r.c.ReportGeneratorConfiguration: Property 'jmeter.reportgenerator.temp_dir' not found, using default value 'temp' instead.
2024-05-29 00:20:18,310 INFO o.a.j.r.c.ReportGeneratorConfiguration: Property 'jmeter.reportgenerator.apdex_per_transaction' not found, using default value 'null' instead.
2024-05-29 00:20:18,310 INFO o.a.j.r.c.ReportGeneratorConfiguration: apdex_per_transaction is empty, not APDEX per transaction customization
2024-05-29 00:20:18,310 INFO o.a.j.r.c.ReportGeneratorConfiguration: Property 'jmeter.reportgenerator.sample_filter' not found, using default value 'null' instead.
2024-05-29 00:20:18,311 INFO o.a.j.r.c.ReportGeneratorConfiguration: Property 'jmeter.reportgenerator.report_title' not found, using default value 'null' instead.
2024-05-29 00:20:18,311 INFO o.a.j.r.c.ReportGeneratorConfiguration: Property 'jmeter.reportgenerator.start_date' not found, using default value 'null' instead.
2024-05-29 00:20:18,311 INFO o.a.j.r.c.ReportGeneratorConfiguration: Property 'jmeter.reportgenerator.end_date' not found, using default value 'null' instead.
2024-05-29 00:20:18,311 INFO o.a.j.r.c.ReportGeneratorConfiguration: Property 'jmeter.reportgenerator.date_format' not found, using default value 'null' instead.
2024-05-29 00:20:18,311 INFO o.a.j.r.c.ReportGeneratorConfiguration: Will use date range start date: null, end date: null
2024-05-29 00:20:18,316 INFO o.a.j.r.c.ReportGeneratorConfiguration: Property 'jmeter.reportgenerator.graph.totalTPS.exclude_controllers' not found, using default value 'false' instead.
2024-05-29 00:20:18,317 INFO o.a.j.r.c.ReportGeneratorConfiguration: Property 'jmeter.reportgenerator.graph.activeThreadsOverTime.exclude_controllers' not found, using default value 'false' instead.
2024-05-29 00:20:18,317 INFO o.a.j.r.c.ReportGeneratorConfiguration: Property 'jmeter.reportgenerator.graph.timeVsThreads.exclude_controllers' not found, using default value 'false' instead.
2024-05-29 00:20:18,317 INFO o.a.j.r.c.ReportGeneratorConfiguration: Property 'jmeter.reportgenerator.graph.responseTimeDistribution.exclude_controllers' not found, using default value 'false' instead.
2024-05-29 00:20:18,317 INFO o.a.j.r.c.ReportGeneratorConfiguration: Property 'jmeter.reportgenerator.graph.transactionsPerSecond.exclude_controllers' not found, using default value 'false' instead.
2024-05-29 00:20:18,318 INFO o.a.j.r.c.ReportGeneratorConfiguration: Property 'jmeter.reportgenerator.graph.responseTimePercentiles.exclude_controllers' not found, using default value 'false' instead.
2024-05-29 00:20:18,318 INFO o.a.j.r.c.ReportGeneratorConfiguration: Property 'jmeter.reportgenerator.graph.responseTimePercentilesOverTime.exclude_controllers' not found, using default value 'false' instead.
2024-05-29 00:20:18,318 INFO o.a.j.r.c.ReportGeneratorConfiguration: Property 'jmeter.reportgenerator.graph.responseTimesOverTime.exclude_controllers' not found, using default value 'false' instead.
2024-05-29 00:20:18,318 INFO o.a.j.r.c.ReportGeneratorConfiguration: Property 'jmeter.reportgenerator.graph.connectTimeOverTime.exclude_controllers' not found, using default value 'false' instead.
2024-05-29 00:20:18,319 INFO o.a.j.r.c.ReportGeneratorConfiguration: Property 'jmeter.reportgenerator.graph.latenciesOverTime.exclude_controllers' not found, using default value 'false' instead.
2024-05-29 00:20:18,320 INFO o.a.j.r.c.ReportGeneratorConfiguration: Property 'jmeter.reportgenerator.exporter.json.filters_only_sample_series' not found, using default value 'true' instead.
2024-05-29 00:20:18,320 INFO o.a.j.r.c.ReportGeneratorConfiguration: Property 'jmeter.reportgenerator.exporter.json.series_filter' not found, using default value '' instead.
2024-05-29 00:20:18,320 INFO o.a.j.r.c.ReportGeneratorConfiguration: Property 'jmeter.reportgenerator.exporter.json.show_controllers_only' not found, using default value 'false' instead.
2024-05-29 00:20:18,321 INFO o.a.j.r.c.ReportGeneratorConfiguration: Property 'jmeter.reportgenerator.exporter.html.filters_only_sample_series' not found, using default value 'true' instead.
2024-05-29 00:20:18,321 INFO o.a.j.r.c.ReportGeneratorConfiguration: Property 'jmeter.reportgenerator.exporter.html.series_filter' not found, using default value '' instead.
2024-05-29 00:20:18,321 INFO o.a.j.r.c.ReportGeneratorConfiguration: Property 'jmeter.reportgenerator.exporter.html.show_controllers_only' not found, using default value 'false' instead.
2024-05-29 00:20:18,339 INFO o.a.j.e.StandardJMeterEngine: Running the test!
2024-05-29 00:20:18,340 INFO o.a.j.s.SampleEvent: List of sample_variables: []
2024-05-29 00:20:18,340 INFO o.a.j.s.SampleEvent: List of sample_variables: []
2024-05-29 00:20:18,349 INFO o.a.j.e.u.CompoundVariable: Note: Function class names must contain the string: '.functions.'
2024-05-29 00:20:18,349 INFO o.a.j.e.u.CompoundVariable: Note: Function class names must not contain the string: '.gui.'
2024-05-29 00:20:18,459 INFO o.a.j.JMeter: Running test (1716916818459)
2024-05-29 00:20:18,483 INFO o.a.j.e.StandardJMeterEngine: Starting ThreadGroup: 1 : ConTest
2024-05-29 00:20:18,483 INFO o.a.j.e.StandardJMeterEngine: Starting 200 threads for group ConTest.
2024-05-29 00:20:18,483 INFO o.a.j.e.StandardJMeterEngine: Thread will continue on error
2024-05-29 00:20:18,483 INFO o.a.j.t.ThreadGroup: Starting thread group... number=1 threads=200 ramp-up=1 delayedStart=false
2024-05-29 00:20:18,493 INFO o.a.j.t.JMeterThread: Thread started: ConTest 1-1
2024-05-29 00:20:18,496 INFO o.a.j.t.JMeterThread: Thread started: ConTest 1-2
2024-05-29 00:20:18,499 INFO o.a.j.t.JMeterThread: Thread started: ConTest 1-3
2024-05-29 00:20:18,504 INFO o.a.j.t.JMeterThread: Thread started: ConTest 1-4
2024-05-29 00:20:18,508 INFO o.a.j.t.JMeterThread: Thread started: ConTest 1-5
2024-05-29 00:20:18,514 INFO o.a.j.t.JMeterThread: Thread started: ConTest 1-6
2024-05-29 00:20:18,521 INFO o.a.j.t.JMeterThread: Thread started: ConTest 1-7
2024-05-29 00:20:18,529 INFO o.a.j.t.JMeterThread: Thread started: ConTest 1-9
2024-05-29 00:20:18,530 INFO o.a.j.t.JMeterThread: Thread started: ConTest 1-8
2024-05-29 00:20:18,535 INFO o.a.j.p.h.s.HTTPHCAbstractImpl: Local host = DESKTOP-6E4JM7G
2024-05-29 00:20:18,538 INFO o.a.j.t.JMeterThread: Thread started: ConTest 1-10
2024-05-29 00:20:18,555 INFO o.a.j.t.JMeterThread: Thread started: ConTest 1-14
2024-05-29 00:20:18,560 INFO o.a.j.t.JMeterThread: Thread started: ConTest 1-15
2024-05-29 00:20:18,549 INFO o.a.j.t.JMeterThread: Thread started: ConTest 1-11
2024-05-29 00:20:18,553 INFO o.a.j.t.JMeterThread: Thread started: ConTest 1-13
2024-05-29 00:20:18,548 INFO o.a.j.t.JMeterThread: Thread started: ConTest 1-12
2024-05-29 00:20:18,564 INFO o.a.j.p.h.s.HTTPHC4Impl: HTTP request retry count = 0
2024-05-29 00:20:18,567 INFO o.a.j.t.JMeterThread: Thread started: ConTest 1-16
2024-05-29 00:20:18,568 INFO o.a.j.s.SampleResult: Note: Sample TimeStamps are START times
2024-05-29 00:20:18,568 INFO o.a.j.s.SampleResult: sampleresult.default.encoding is set to UTF-8
2024-05-29 00:20:18,568 INFO o.a.j.s.SampleResult: sampleresult.useNanoTime=true
2024-05-29 00:20:18,568 INFO o.a.j.s.SampleResult: sampleresult.nanoThreadSleep=5000
2024-05-29 00:20:18,577 INFO o.a.j.t.JMeterThread: Thread started: ConTest 1-17
2024-05-29 00:20:18,581 INFO o.a.j.t.ThreadGroup: Started thread group number 1
2024-05-29 00:20:18,581 INFO o.a.j.e.StandardJMeterEngine: All thread groups have been started
2024-05-29 00:20:18,581 INFO o.a.j.t.JMeterThread: Thread started: ConTest 1-18
2024-05-29 00:20:18,583 INFO o.a.j.t.JMeterThread: Thread started: ConTest 1-19
2024-05-29 00:20:18,587 INFO o.a.j.t.JMeterThread: Thread started: ConTest 1-20
2024-05-29 00:20:18,590 INFO o.a.j.t.JMeterThread: Thread started: ConTest 1-21
2024-05-29 00:20:18,598 INFO o.a.j.t.JMeterThread: Thread started: ConTest 1-22
2024-05-29 00:20:18,608 INFO o.a.j.t.JMeterThread: Thread started: ConTest 1-23
2024-05-29 00:20:18,614 INFO o.a.j.t.JMeterThread: Thread started: ConTest 1-24
2024-05-29 00:20:18,616 INFO o.a.j.t.JMeterThread: Thread started: ConTest 1-25
2024-05-29 00:20:18,617 INFO o.a.j.t.JMeterThread: Thread started: ConTest 1-26
2024-05-29 00:20:18,621 INFO o.a.j.t.JMeterThread: Thread started: ConTest 1-27
2024-05-29 00:20:18,627 INFO o.a.j.t.JMeterThread: Thread started: ConTest 1-28
2024-05-29 00:20:18,631 INFO o.a.j.t.JMeterThread: Thread started: ConTest 1-29
2024-05-29 00:20:18,635 INFO o.a.j.t.JMeterThread: Thread started: ConTest 1-30
2024-05-29 00:20:18,645 INFO o.a.j.t.JMeterThread: Thread started: ConTest 1-32
2024-05-29 00:20:18,638 INFO o.a.j.t.JMeterThread: Thread started: ConTest 1-31
2024-05-29 00:20:18,649 INFO o.a.j.t.JMeterThread: Thread started: ConTest 1-33
2024-05-29 00:20:18,658 INFO o.a.j.t.JMeterThread: Thread started: ConTest 1-34
2024-05-29 00:20:18,659 INFO o.a.j.t.JMeterThread: Thread started: ConTest 1-35
2024-05-29 00:20:18,663 INFO o.a.j.t.JMeterThread: Thread started: ConTest 1-36
2024-05-29 00:20:18,670 INFO o.a.j.t.JMeterThread: Thread started: ConTest 1-37
2024-05-29 00:20:18,677 INFO o.a.j.t.JMeterThread: Thread started: ConTest 1-38
2024-05-29 00:20:18,681 INFO o.a.j.t.JMeterThread: Thread started: ConTest 1-39
2024-05-29 00:20:18,684 INFO o.a.j.t.JMeterThread: Thread started: ConTest 1-40
2024-05-29 00:20:18,688 INFO o.a.j.t.JMeterThread: Thread started: ConTest 1-41
2024-05-29 00:20:18,698 INFO o.a.j.t.JMeterThread: Thread started: ConTest 1-43
2024-05-29 00:20:18,696 INFO o.a.j.t.JMeterThread: Thread started: ConTest 1-42
2024-05-29 00:20:18,712 INFO o.a.j.t.JMeterThread: Thread started: ConTest 1-44
2024-05-29 00:20:18,716 INFO o.a.j.t.JMeterThread: Thread started: ConTest 1-45
2024-05-29 00:20:18,720 INFO o.a.j.t.JMeterThread: Thread started: ConTest 1-47
2024-05-29 00:20:18,722 INFO o.a.j.t.JMeterThread: Thread started: ConTest 1-46
2024-05-29 00:20:18,732 INFO o.a.j.t.JMeterThread: Thread started: ConTest 1-48
2024-05-29 00:20:18,736 INFO o.a.j.t.JMeterThread: Thread started: ConTest 1-49
2024-05-29 00:20:18,744 INFO o.a.j.t.JMeterThread: Thread started: ConTest 1-51
2024-05-29 00:20:18,744 INFO o.a.j.t.JMeterThread: Thread started: ConTest 1-50
2024-05-29 00:20:18,749 INFO o.a.j.t.JMeterThread: Thread started: ConTest 1-52
2024-05-29 00:20:18,756 INFO o.a.j.p.h.s.h.LazyLayeredConnectionSocketFactory: Setting up HTTPS TrustAll Socket Factory
2024-05-29 00:20:18,758 INFO o.a.j.t.JMeterThread: Thread started: ConTest 1-53
2024-05-29 00:20:18,765 INFO o.a.j.u.JsseSSLManager: Using default SSL protocol: TLS
2024-05-29 00:20:18,765 INFO o.a.j.u.JsseSSLManager: SSL session context: per-thread
2024-05-29 00:20:18,767 INFO o.a.j.t.JMeterThread: Thread started: ConTest 1-55
2024-05-29 00:20:18,775 INFO o.a.j.t.JMeterThread: Thread started: ConTest 1-56
2024-05-29 00:20:18,793 INFO o.a.j.t.JMeterThread: Thread started: ConTest 1-54
2024-05-29 00:20:18,795 INFO o.a.j.t.JMeterThread: Thread started: ConTest 1-57
2024-05-29 00:20:18,798 INFO o.a.j.t.JMeterThread: Thread started: ConTest 1-58
2024-05-29 00:20:18,804 INFO o.a.j.t.JMeterThread: Thread started: ConTest 1-59
2024-05-29 00:20:18,826 INFO o.a.j.t.JMeterThread: Thread started: ConTest 1-60
2024-05-29 00:20:18,829 INFO o.a.j.t.JMeterThread: Thread started: ConTest 1-61
2024-05-29 00:20:18,836 INFO o.a.j.t.JMeterThread: Thread started: ConTest 1-62
2024-05-29 00:20:18,834 INFO o.a.j.t.JMeterThread: Thread started: ConTest 1-63
2024-05-29 00:20:18,837 INFO o.a.j.t.JMeterThread: Thread started: ConTest 1-64
2024-05-29 00:20:18,848 INFO o.a.j.t.JMeterThread: Thread started: ConTest 1-65
2024-05-29 00:20:18,851 INFO o.a.j.t.JMeterThread: Thread started: ConTest 1-66
2024-05-29 00:20:18,855 INFO o.a.j.t.JMeterThread: Thread started: ConTest 1-68
2024-05-29 00:20:18,855 INFO o.a.j.t.JMeterThread: Thread started: ConTest 1-69
2024-05-29 00:20:18,855 INFO o.a.j.t.JMeterThread: Thread started: ConTest 1-67
2024-05-29 00:20:18,858 INFO o.a.j.t.JMeterThread: Thread started: ConTest 1-70
2024-05-29 00:20:18,863 INFO o.a.j.t.JMeterThread: Thread started: ConTest 1-71
2024-05-29 00:20:18,873 INFO o.a.j.t.JMeterThread: Thread started: ConTest 1-72
2024-05-29 00:20:18,894 INFO o.a.j.t.JMeterThread: Thread started: ConTest 1-73
2024-05-29 00:20:18,896 INFO o.a.j.t.JMeterThread: Thread started: ConTest 1-74
2024-05-29 00:20:18,897 INFO o.a.j.t.JMeterThread: Thread started: ConTest 1-75
2024-05-29 00:20:18,900 INFO o.a.j.t.JMeterThread: Thread started: ConTest 1-76
2024-05-29 00:20:18,901 INFO o.a.j.t.JMeterThread: Thread started: ConTest 1-77
2024-05-29 00:20:18,904 INFO o.a.j.t.JMeterThread: Thread started: ConTest 1-78
2024-05-29 00:20:18,904 INFO o.a.j.t.JMeterThread: Thread started: ConTest 1-79
2024-05-29 00:20:18,912 INFO o.a.j.t.JMeterThread: Thread started: ConTest 1-80
2024-05-29 00:20:18,923 INFO o.a.j.u.SSLManager: JmeterKeyStore Location:  type JKS
2024-05-29 00:20:18,930 INFO o.a.j.u.SSLManager: KeyStore created OK
2024-05-29 00:20:18,930 WARN o.a.j.u.SSLManager: Keystore file not found, loading empty keystore
2024-05-29 00:20:18,956 INFO o.a.j.t.JMeterThread: Thread started: ConTest 1-81
2024-05-29 00:20:18,957 INFO o.a.j.t.JMeterThread: Thread started: ConTest 1-82
2024-05-29 00:20:18,957 INFO o.a.j.t.JMeterThread: Thread started: ConTest 1-83
2024-05-29 00:20:18,961 INFO o.a.j.t.JMeterThread: Thread started: ConTest 1-84
2024-05-29 00:20:18,962 INFO o.a.j.t.JMeterThread: Thread started: ConTest 1-85
2024-05-29 00:20:18,965 INFO o.a.j.t.JMeterThread: Thread started: ConTest 1-86
2024-05-29 00:20:18,966 INFO o.a.j.t.JMeterThread: Thread started: ConTest 1-88
2024-05-29 00:20:18,968 INFO o.a.j.t.JMeterThread: Thread started: ConTest 1-87
2024-05-29 00:20:18,968 INFO o.a.j.t.JMeterThread: Thread started: ConTest 1-89
2024-05-29 00:20:18,974 INFO o.a.j.t.JMeterThread: Thread started: ConTest 1-90
2024-05-29 00:20:18,975 INFO o.a.j.t.JMeterThread: Thread started: ConTest 1-91
2024-05-29 00:20:18,978 INFO o.a.j.t.JMeterThread: Thread started: ConTest 1-92
2024-05-29 00:20:18,981 INFO o.a.j.t.JMeterThread: Thread started: ConTest 1-93
2024-05-29 00:20:18,987 INFO o.a.j.t.JMeterThread: Thread started: ConTest 1-94
2024-05-29 00:20:18,989 INFO o.a.j.t.JMeterThread: Thread started: ConTest 1-95
2024-05-29 00:20:18,989 INFO o.a.j.t.JMeterThread: Thread started: ConTest 1-96
2024-05-29 00:20:18,994 INFO o.a.j.t.JMeterThread: Thread started: ConTest 1-97
2024-05-29 00:20:18,998 INFO o.a.j.t.JMeterThread: Thread started: ConTest 1-98
2024-05-29 00:20:18,999 INFO o.a.j.t.JMeterThread: Thread started: ConTest 1-99
2024-05-29 00:20:19,002 INFO o.a.j.t.JMeterThread: Thread started: ConTest 1-100
2024-05-29 00:20:19,004 INFO o.a.j.t.JMeterThread: Thread started: ConTest 1-101
2024-05-29 00:20:19,010 INFO o.a.j.t.JMeterThread: Thread started: ConTest 1-102
2024-05-29 00:20:19,017 INFO o.a.j.t.JMeterThread: Thread started: ConTest 1-103
2024-05-29 00:20:19,042 INFO o.a.j.t.JMeterThread: Thread started: ConTest 1-104
2024-05-29 00:20:19,044 INFO o.a.j.t.JMeterThread: Thread started: ConTest 1-105
2024-05-29 00:20:19,056 INFO o.a.j.t.JMeterThread: Thread started: ConTest 1-106
2024-05-29 00:20:19,062 INFO o.a.j.t.JMeterThread: Thread started: ConTest 1-108
2024-05-29 00:20:19,064 INFO o.a.j.t.JMeterThread: Thread started: ConTest 1-109
2024-05-29 00:20:19,068 INFO o.a.j.t.JMeterThread: Thread started: ConTest 1-107
2024-05-29 00:20:19,081 INFO o.a.j.t.JMeterThread: Thread started: ConTest 1-110
2024-05-29 00:20:19,084 INFO o.a.j.t.JMeterThread: Thread started: ConTest 1-112
2024-05-29 00:20:19,084 INFO o.a.j.t.JMeterThread: Thread started: ConTest 1-111
2024-05-29 00:20:19,105 INFO o.a.j.t.JMeterThread: Thread started: ConTest 1-113
2024-05-29 00:20:19,111 INFO o.a.j.t.JMeterThread: Thread started: ConTest 1-114
2024-05-29 00:20:19,112 INFO o.a.j.t.JMeterThread: Thread started: ConTest 1-115
2024-05-29 00:20:19,117 INFO o.a.j.t.JMeterThread: Thread started: ConTest 1-116
2024-05-29 00:20:19,122 INFO o.a.j.t.JMeterThread: Thread started: ConTest 1-117
2024-05-29 00:20:19,124 INFO o.a.j.t.JMeterThread: Thread started: ConTest 1-118
2024-05-29 00:20:19,125 INFO o.a.j.t.JMeterThread: Thread started: ConTest 1-119
2024-05-29 00:20:19,129 INFO o.a.j.t.JMeterThread: Thread started: ConTest 1-121
2024-05-29 00:20:19,131 INFO o.a.j.t.JMeterThread: Thread started: ConTest 1-120
2024-05-29 00:20:19,130 INFO o.a.j.t.JMeterThread: Thread started: ConTest 1-122
2024-05-29 00:20:19,136 INFO o.a.j.t.JMeterThread: Thread started: ConTest 1-124
2024-05-29 00:20:19,135 INFO o.a.j.t.JMeterThread: Thread started: ConTest 1-123
2024-05-29 00:20:19,138 INFO o.a.j.t.JMeterThread: Thread started: ConTest 1-125
2024-05-29 00:20:19,139 INFO o.a.j.t.JMeterThread: Thread started: ConTest 1-126
2024-05-29 00:20:19,144 INFO o.a.j.t.JMeterThread: Thread started: ConTest 1-127
2024-05-29 00:20:19,148 INFO o.a.j.t.JMeterThread: Thread started: ConTest 1-128
2024-05-29 00:20:19,152 INFO o.a.j.t.JMeterThread: Thread started: ConTest 1-129
2024-05-29 00:20:19,188 INFO o.a.j.t.JMeterThread: Thread started: ConTest 1-131
2024-05-29 00:20:19,192 INFO o.a.j.t.JMeterThread: Thread started: ConTest 1-130
2024-05-29 00:20:19,193 INFO o.a.j.t.JMeterThread: Thread started: ConTest 1-133
2024-05-29 00:20:19,202 INFO o.a.j.t.JMeterThread: Thread started: ConTest 1-132
2024-05-29 00:20:19,206 INFO o.a.j.t.JMeterThread: Thread started: ConTest 1-134
2024-05-29 00:20:19,206 INFO o.a.j.t.JMeterThread: Thread started: ConTest 1-135
2024-05-29 00:20:19,209 INFO o.a.j.t.JMeterThread: Thread started: ConTest 1-136
2024-05-29 00:20:19,210 INFO o.a.j.t.JMeterThread: Thread started: ConTest 1-138
2024-05-29 00:20:19,213 INFO o.a.j.t.JMeterThread: Thread started: ConTest 1-137
2024-05-29 00:20:19,215 INFO o.a.j.t.JMeterThread: Thread started: ConTest 1-139
2024-05-29 00:20:19,217 INFO o.a.j.t.JMeterThread: Thread started: ConTest 1-140
2024-05-29 00:20:19,218 INFO o.a.j.t.JMeterThread: Thread started: ConTest 1-141
2024-05-29 00:20:19,219 INFO o.a.j.t.JMeterThread: Thread started: ConTest 1-142
2024-05-29 00:20:19,220 INFO o.a.j.t.JMeterThread: Thread started: ConTest 1-143
2024-05-29 00:20:19,223 INFO o.a.j.t.JMeterThread: Thread started: ConTest 1-144
2024-05-29 00:20:19,225 INFO o.a.j.t.JMeterThread: Thread started: ConTest 1-145
2024-05-29 00:20:19,228 INFO o.a.j.t.JMeterThread: Thread started: ConTest 1-146
2024-05-29 00:20:19,228 INFO o.a.j.t.JMeterThread: Thread started: ConTest 1-148
2024-05-29 00:20:19,232 INFO o.a.j.t.JMeterThread: Thread started: ConTest 1-147
2024-05-29 00:20:19,234 INFO o.a.j.t.JMeterThread: Thread started: ConTest 1-149
2024-05-29 00:20:19,237 INFO o.a.j.t.JMeterThread: Thread started: ConTest 1-150
2024-05-29 00:20:19,243 INFO o.a.j.t.JMeterThread: Thread started: ConTest 1-151
2024-05-29 00:20:19,246 INFO o.a.j.t.JMeterThread: Thread started: ConTest 1-152
2024-05-29 00:20:19,266 INFO o.a.j.t.JMeterThread: Thread started: ConTest 1-153
2024-05-29 00:20:19,270 INFO o.a.j.t.JMeterThread: Thread started: ConTest 1-154
2024-05-29 00:20:19,272 INFO o.a.j.t.JMeterThread: Thread started: ConTest 1-155
2024-05-29 00:20:19,276 INFO o.a.j.t.JMeterThread: Thread started: ConTest 1-156
2024-05-29 00:20:19,285 INFO o.a.j.t.JMeterThread: Thread started: ConTest 1-157
2024-05-29 00:20:19,290 INFO o.a.j.t.JMeterThread: Thread started: ConTest 1-158
2024-05-29 00:20:19,293 INFO o.a.j.t.JMeterThread: Thread started: ConTest 1-159
2024-05-29 00:20:19,299 INFO o.a.j.t.JMeterThread: Thread started: ConTest 1-160
2024-05-29 00:20:19,304 INFO o.a.j.t.JMeterThread: Thread started: ConTest 1-161
2024-05-29 00:20:19,309 INFO o.a.j.t.JMeterThread: Thread started: ConTest 1-162
2024-05-29 00:20:19,313 INFO o.a.j.t.JMeterThread: Thread started: ConTest 1-163
2024-05-29 00:20:19,318 INFO o.a.j.t.JMeterThread: Thread started: ConTest 1-164
2024-05-29 00:20:19,322 INFO o.a.j.t.JMeterThread: Thread started: ConTest 1-165
2024-05-29 00:20:19,331 INFO o.a.j.t.JMeterThread: Thread started: ConTest 1-167
2024-05-29 00:20:19,333 INFO o.a.j.t.JMeterThread: Thread started: ConTest 1-166
2024-05-29 00:20:19,333 INFO o.a.j.t.JMeterThread: Thread started: ConTest 1-168
2024-05-29 00:20:19,338 INFO o.a.j.t.JMeterThread: Thread started: ConTest 1-169
2024-05-29 00:20:19,348 INFO o.a.j.t.JMeterThread: Thread started: ConTest 1-170
2024-05-29 00:20:19,352 INFO o.a.j.t.JMeterThread: Thread started: ConTest 1-171
2024-05-29 00:20:19,355 INFO o.a.j.t.JMeterThread: Thread started: ConTest 1-172
2024-05-29 00:20:19,366 INFO o.a.j.t.JMeterThread: Thread started: ConTest 1-173
2024-05-29 00:20:19,367 INFO o.a.j.t.JMeterThread: Thread started: ConTest 1-174
2024-05-29 00:20:19,374 INFO o.a.j.t.JMeterThread: Thread started: ConTest 1-175
2024-05-29 00:20:19,377 INFO o.a.j.t.JMeterThread: Thread started: ConTest 1-176
2024-05-29 00:20:19,383 INFO o.a.j.t.JMeterThread: Thread started: ConTest 1-177
2024-05-29 00:20:19,384 INFO o.a.j.t.JMeterThread: Thread started: ConTest 1-178
2024-05-29 00:20:19,390 INFO o.a.j.t.JMeterThread: Thread started: ConTest 1-179
2024-05-29 00:20:19,392 INFO o.a.j.t.JMeterThread: Thread started: ConTest 1-180
2024-05-29 00:20:19,493 INFO o.a.j.t.JMeterThread: Thread started: ConTest 1-181
2024-05-29 00:20:19,502 INFO o.a.j.t.JMeterThread: Thread started: ConTest 1-182
2024-05-29 00:20:19,505 INFO o.a.j.t.JMeterThread: Thread started: ConTest 1-183
2024-05-29 00:20:19,508 INFO o.a.j.t.JMeterThread: Thread started: ConTest 1-184
2024-05-29 00:20:19,513 INFO o.a.j.t.JMeterThread: Thread started: ConTest 1-185
2024-05-29 00:20:19,514 INFO o.a.j.t.JMeterThread: Thread started: ConTest 1-186
2024-05-29 00:20:19,537 INFO o.a.j.t.JMeterThread: Thread started: ConTest 1-188
2024-05-29 00:20:19,582 INFO o.a.j.t.JMeterThread: Thread started: ConTest 1-189
2024-05-29 00:20:19,535 INFO o.a.j.t.JMeterThread: Thread started: ConTest 1-187
2024-05-29 00:20:19,594 INFO o.a.j.t.JMeterThread: Thread started: ConTest 1-190
2024-05-29 00:20:20,139 INFO o.a.j.t.JMeterThread: Thread started: ConTest 1-191
2024-05-29 00:20:20,139 INFO o.a.j.t.JMeterThread: Thread started: ConTest 1-192
2024-05-29 00:20:20,143 INFO o.a.j.t.JMeterThread: Thread started: ConTest 1-193
2024-05-29 00:20:20,201 INFO o.a.j.t.JMeterThread: Thread started: ConTest 1-194
2024-05-29 00:20:20,201 INFO o.a.j.t.JMeterThread: Thread started: ConTest 1-196
2024-05-29 00:20:20,210 INFO o.a.j.t.JMeterThread: Thread started: ConTest 1-195
2024-05-29 00:20:20,220 INFO o.a.j.t.JMeterThread: Thread started: ConTest 1-197
2024-05-29 00:20:20,225 INFO o.a.j.t.JMeterThread: Thread started: ConTest 1-198
2024-05-29 00:20:20,228 INFO o.a.j.t.JMeterThread: Thread started: ConTest 1-199
2024-05-29 00:20:20,229 INFO o.a.j.t.JMeterThread: Thread started: ConTest 1-200
2024-05-29 00:20:21,045 INFO o.a.j.t.JMeterThread: Thread is done: ConTest 1-145
2024-05-29 00:20:21,046 INFO o.a.j.t.JMeterThread: Thread finished: ConTest 1-145
2024-05-29 00:20:21,162 INFO o.a.j.t.JMeterThread: Thread is done: ConTest 1-123
2024-05-29 00:20:21,162 INFO o.a.j.t.JMeterThread: Thread finished: ConTest 1-123
2024-05-29 00:20:22,234 INFO o.a.j.t.JMeterThread: Thread is done: ConTest 1-176
2024-05-29 00:20:22,235 INFO o.a.j.t.JMeterThread: Thread finished: ConTest 1-176
2024-05-29 00:20:22,535 INFO o.a.j.t.JMeterThread: Thread is done: ConTest 1-119
2024-05-29 00:20:22,535 INFO o.a.j.t.JMeterThread: Thread finished: ConTest 1-119
2024-05-29 00:20:23,920 INFO o.a.j.t.JMeterThread: Thread is done: ConTest 1-174
2024-05-29 00:20:23,920 INFO o.a.j.t.JMeterThread: Thread finished: ConTest 1-174
2024-05-29 00:20:28,581 INFO o.a.j.t.JMeterThread: Thread is done: ConTest 1-27
2024-05-29 00:20:28,582 INFO o.a.j.t.JMeterThread: Thread finished: ConTest 1-27
2024-05-29 00:20:28,771 INFO o.a.j.t.JMeterThread: Thread is done: ConTest 1-42
2024-05-29 00:20:28,771 INFO o.a.j.t.JMeterThread: Thread finished: ConTest 1-42
2024-05-29 00:20:29,055 INFO o.a.j.t.JMeterThread: Thread is done: ConTest 1-172
2024-05-29 00:20:29,055 INFO o.a.j.t.JMeterThread: Thread finished: ConTest 1-172
2024-05-29 00:20:29,968 INFO o.a.j.t.JMeterThread: Thread is done: ConTest 1-53
2024-05-29 00:20:29,968 INFO o.a.j.t.JMeterThread: Thread finished: ConTest 1-53
2024-05-29 00:20:30,117 INFO o.a.j.r.Summariser: summary +    118 in 00:00:12 =   10.1/s Avg:  2168 Min:    62 Max:  8476 Err:     0 (0.00%) Active: 191 Started: 200 Finished: 9
2024-05-29 00:20:30,118 INFO o.a.j.t.JMeterThread: Thread is done: ConTest 1-177
2024-05-29 00:20:30,118 INFO o.a.j.t.JMeterThread: Thread finished: ConTest 1-177
2024-05-29 00:20:30,378 INFO o.a.j.t.JMeterThread: Thread is done: ConTest 1-32
2024-05-29 00:20:30,378 INFO o.a.j.t.JMeterThread: Thread finished: ConTest 1-32
2024-05-29 00:20:30,617 INFO o.a.j.t.JMeterThread: Thread is done: ConTest 1-155
2024-05-29 00:20:30,618 INFO o.a.j.t.JMeterThread: Thread finished: ConTest 1-155
2024-05-29 00:20:32,354 INFO o.a.j.t.JMeterThread: Thread is done: ConTest 1-38
2024-05-29 00:20:32,354 INFO o.a.j.t.JMeterThread: Thread finished: ConTest 1-38
2024-05-29 00:20:32,373 INFO o.a.j.t.JMeterThread: Thread is done: ConTest 1-182
2024-05-29 00:20:32,373 INFO o.a.j.t.JMeterThread: Thread finished: ConTest 1-182
2024-05-29 00:20:33,283 INFO o.a.j.t.JMeterThread: Thread is done: ConTest 1-171
2024-05-29 00:20:33,283 INFO o.a.j.t.JMeterThread: Thread finished: ConTest 1-171
2024-05-29 00:20:33,536 INFO o.a.j.t.JMeterThread: Thread is done: ConTest 1-181
2024-05-29 00:20:33,536 INFO o.a.j.t.JMeterThread: Thread finished: ConTest 1-181
2024-05-29 00:20:41,080 INFO o.a.j.t.JMeterThread: Thread is done: ConTest 1-15
2024-05-29 00:20:41,080 INFO o.a.j.t.JMeterThread: Thread finished: ConTest 1-15
2024-05-29 00:20:41,490 INFO o.a.j.t.JMeterThread: Thread is done: ConTest 1-170
2024-05-29 00:20:41,490 INFO o.a.j.t.JMeterThread: Thread finished: ConTest 1-170
2024-05-29 00:20:41,999 INFO o.a.j.t.JMeterThread: Thread is done: ConTest 1-25
2024-05-29 00:20:41,999 INFO o.a.j.t.JMeterThread: Thread finished: ConTest 1-25
2024-05-29 00:20:42,179 INFO o.a.j.t.JMeterThread: Thread is done: ConTest 1-173
2024-05-29 00:20:42,179 INFO o.a.j.t.JMeterThread: Thread finished: ConTest 1-173
2024-05-29 00:20:42,728 INFO o.a.j.t.JMeterThread: Thread is done: ConTest 1-70
2024-05-29 00:20:42,728 INFO o.a.j.t.JMeterThread: Thread finished: ConTest 1-70
2024-05-29 00:20:43,183 INFO o.a.j.t.JMeterThread: Thread is done: ConTest 1-22
2024-05-29 00:20:43,183 INFO o.a.j.t.JMeterThread: Thread finished: ConTest 1-22
2024-05-29 00:20:43,622 INFO o.a.j.t.JMeterThread: Thread is done: ConTest 1-120
2024-05-29 00:20:43,622 INFO o.a.j.t.JMeterThread: Thread finished: ConTest 1-120
2024-05-29 00:20:43,642 INFO o.a.j.t.JMeterThread: Thread is done: ConTest 1-43
2024-05-29 00:20:43,643 INFO o.a.j.t.JMeterThread: Thread finished: ConTest 1-43
2024-05-29 00:20:44,086 INFO o.a.j.t.JMeterThread: Thread is done: ConTest 1-178
2024-05-29 00:20:44,087 INFO o.a.j.t.JMeterThread: Thread finished: ConTest 1-178
2024-05-29 00:20:44,715 INFO o.a.j.t.JMeterThread: Thread is done: ConTest 1-146
2024-05-29 00:20:44,715 INFO o.a.j.t.JMeterThread: Thread finished: ConTest 1-146
2024-05-29 00:20:45,311 INFO o.a.j.t.JMeterThread: Thread is done: ConTest 1-107
2024-05-29 00:20:45,311 INFO o.a.j.t.JMeterThread: Thread finished: ConTest 1-107
2024-05-29 00:20:46,002 INFO o.a.j.t.JMeterThread: Thread is done: ConTest 1-121
2024-05-29 00:20:46,002 INFO o.a.j.t.JMeterThread: Thread finished: ConTest 1-121
2024-05-29 00:20:46,185 INFO o.a.j.t.JMeterThread: Thread is done: ConTest 1-166
2024-05-29 00:20:46,185 INFO o.a.j.t.JMeterThread: Thread finished: ConTest 1-166
2024-05-29 00:20:48,255 INFO o.a.j.t.JMeterThread: Thread is done: ConTest 1-33
2024-05-29 00:20:48,255 INFO o.a.j.t.JMeterThread: Thread finished: ConTest 1-33
2024-05-29 00:20:48,669 INFO o.a.j.t.JMeterThread: Thread is done: ConTest 1-11
2024-05-29 00:20:48,669 INFO o.a.j.t.JMeterThread: Thread finished: ConTest 1-11
2024-05-29 00:20:48,807 INFO o.a.j.t.JMeterThread: Thread is done: ConTest 1-5
2024-05-29 00:20:48,807 INFO o.a.j.t.JMeterThread: Thread finished: ConTest 1-5
2024-05-29 00:20:49,012 INFO o.a.j.t.JMeterThread: Thread is done: ConTest 1-68
2024-05-29 00:20:49,012 INFO o.a.j.t.JMeterThread: Thread finished: ConTest 1-68
2024-05-29 00:20:49,192 INFO o.a.j.t.JMeterThread: Thread is done: ConTest 1-169
2024-05-29 00:20:49,192 INFO o.a.j.t.JMeterThread: Thread finished: ConTest 1-169
2024-05-29 00:20:51,568 INFO o.a.j.t.JMeterThread: Thread is done: ConTest 1-9
2024-05-29 00:20:51,568 INFO o.a.j.t.JMeterThread: Thread finished: ConTest 1-9
2024-05-29 00:21:25,670 INFO o.a.j.t.JMeterThread: Thread is done: ConTest 1-51
2024-05-29 00:21:25,670 INFO o.a.j.t.JMeterThread: Thread finished: ConTest 1-51
2024-05-29 00:21:27,170 INFO o.a.j.t.JMeterThread: Thread is done: ConTest 1-24
2024-05-29 00:21:27,170 INFO o.a.j.t.JMeterThread: Thread finished: ConTest 1-24
2024-05-29 00:21:27,581 INFO o.a.j.t.JMeterThread: Thread is done: ConTest 1-151
2024-05-29 00:21:27,582 INFO o.a.j.t.JMeterThread: Thread finished: ConTest 1-151
2024-05-29 00:21:29,561 INFO o.a.j.t.JMeterThread: Thread is done: ConTest 1-185
2024-05-29 00:21:29,562 INFO o.a.j.t.JMeterThread: Thread finished: ConTest 1-185
2024-05-29 00:21:30,045 INFO o.a.j.r.Summariser: summary +    108 in 00:01:00 =    1.8/s Avg: 10810 Min:   365 Max: 66515 Err:     0 (0.00%) Active: 161 Started: 200 Finished: 39
2024-05-29 00:21:30,047 INFO o.a.j.r.Summariser: summary =    226 in 00:01:12 =    3.2/s Avg:  6298 Min:    62 Max: 66515 Err:     0 (0.00%)
2024-05-29 00:21:30,140 INFO o.a.j.t.JMeterThread: Thread is done: ConTest 1-104
2024-05-29 00:21:30,140 INFO o.a.j.t.JMeterThread: Thread finished: ConTest 1-104
2024-05-29 00:21:30,905 INFO o.a.j.t.JMeterThread: Thread is done: ConTest 1-198
2024-05-29 00:21:30,905 INFO o.a.j.t.JMeterThread: Thread finished: ConTest 1-198
2024-05-29 00:21:31,634 INFO o.a.j.t.JMeterThread: Thread is done: ConTest 1-199
2024-05-29 00:21:31,634 INFO o.a.j.t.JMeterThread: Thread finished: ConTest 1-199
2024-05-29 00:21:31,811 INFO o.a.j.t.JMeterThread: Thread is done: ConTest 1-20
2024-05-29 00:21:31,811 INFO o.a.j.t.JMeterThread: Thread finished: ConTest 1-20
2024-05-29 00:21:32,003 INFO o.a.j.t.JMeterThread: Thread is done: ConTest 1-200
2024-05-29 00:21:32,003 INFO o.a.j.t.JMeterThread: Thread finished: ConTest 1-200
2024-05-29 00:21:35,525 INFO o.a.j.t.JMeterThread: Thread is done: ConTest 1-167
2024-05-29 00:21:35,526 INFO o.a.j.t.JMeterThread: Thread finished: ConTest 1-167
2024-05-29 00:21:36,101 INFO o.a.j.t.JMeterThread: Thread is done: ConTest 1-189
2024-05-29 00:21:36,101 INFO o.a.j.t.JMeterThread: Thread finished: ConTest 1-189
2024-05-29 00:21:36,102 INFO o.a.j.t.JMeterThread: Thread is done: ConTest 1-187
2024-05-29 00:21:36,102 INFO o.a.j.t.JMeterThread: Thread finished: ConTest 1-187
2024-05-29 00:21:36,556 INFO o.a.j.t.JMeterThread: Thread is done: ConTest 1-2
2024-05-29 00:21:36,556 INFO o.a.j.t.JMeterThread: Thread finished: ConTest 1-2
2024-05-29 00:21:58,111 INFO o.a.j.t.JMeterThread: Thread is done: ConTest 1-141
2024-05-29 00:21:58,111 INFO o.a.j.t.JMeterThread: Thread finished: ConTest 1-141
2024-05-29 00:21:59,312 INFO o.a.j.t.JMeterThread: Thread is done: ConTest 1-116
2024-05-29 00:21:59,312 INFO o.a.j.t.JMeterThread: Thread finished: ConTest 1-116
2024-05-29 00:22:00,699 INFO o.a.j.r.Summariser: summary +     84 in 00:00:31 =    2.7/s Avg: 40876 Min:   223 Max: 93050 Err:    33 (39.29%) Active: 150 Started: 200 Finished: 50
2024-05-29 00:22:00,702 INFO o.a.j.r.Summariser: summary =    310 in 00:01:42 =    3.0/s Avg: 15668 Min:    62 Max: 93050 Err:    33 (10.65%)
2024-05-29 00:22:00,705 INFO o.a.j.t.JMeterThread: Thread is done: ConTest 1-29
2024-05-29 00:22:00,705 INFO o.a.j.t.JMeterThread: Thread finished: ConTest 1-29
2024-05-29 00:22:00,904 INFO o.a.j.t.JMeterThread: Thread is done: ConTest 1-112
2024-05-29 00:22:00,905 INFO o.a.j.t.JMeterThread: Thread finished: ConTest 1-112
2024-05-29 00:22:02,268 INFO o.a.j.t.JMeterThread: Thread is done: ConTest 1-117
2024-05-29 00:22:02,268 INFO o.a.j.t.JMeterThread: Thread finished: ConTest 1-117
2024-05-29 00:22:02,649 INFO o.a.j.t.JMeterThread: Thread is done: ConTest 1-46
2024-05-29 00:22:02,649 INFO o.a.j.t.JMeterThread: Thread finished: ConTest 1-46
2024-05-29 00:22:03,345 INFO o.a.j.t.JMeterThread: Thread is done: ConTest 1-132
2024-05-29 00:22:03,347 INFO o.a.j.t.JMeterThread: Thread finished: ConTest 1-132
2024-05-29 00:22:03,853 INFO o.a.j.t.JMeterThread: Thread is done: ConTest 1-153
2024-05-29 00:22:03,853 INFO o.a.j.t.JMeterThread: Thread finished: ConTest 1-153
2024-05-29 00:22:04,585 INFO o.a.j.t.JMeterThread: Thread is done: ConTest 1-149
2024-05-29 00:22:04,585 INFO o.a.j.t.JMeterThread: Thread finished: ConTest 1-149
2024-05-29 00:22:05,563 INFO o.a.j.t.JMeterThread: Thread is done: ConTest 1-113
2024-05-29 00:22:05,563 INFO o.a.j.t.JMeterThread: Thread finished: ConTest 1-113
2024-05-29 00:22:06,103 INFO o.a.j.t.JMeterThread: Thread is done: ConTest 1-162
2024-05-29 00:22:06,103 INFO o.a.j.t.JMeterThread: Thread finished: ConTest 1-162
2024-05-29 00:22:07,332 INFO o.a.j.t.JMeterThread: Thread is done: ConTest 1-115
2024-05-29 00:22:07,333 INFO o.a.j.t.JMeterThread: Thread finished: ConTest 1-115
2024-05-29 00:22:07,721 INFO o.a.j.t.JMeterThread: Thread is done: ConTest 1-110
2024-05-29 00:22:07,722 INFO o.a.j.t.JMeterThread: Thread finished: ConTest 1-110
2024-05-29 00:22:07,784 INFO o.a.j.t.JMeterThread: Thread is done: ConTest 1-161
2024-05-29 00:22:07,784 INFO o.a.j.t.JMeterThread: Thread finished: ConTest 1-161
2024-05-29 00:22:08,456 INFO o.a.j.t.JMeterThread: Thread is done: ConTest 1-157
2024-05-29 00:22:08,456 INFO o.a.j.t.JMeterThread: Thread finished: ConTest 1-157
2024-05-29 00:22:11,630 INFO o.a.j.t.JMeterThread: Thread is done: ConTest 1-168
2024-05-29 00:22:11,630 INFO o.a.j.t.JMeterThread: Thread finished: ConTest 1-168
2024-05-29 00:22:12,797 INFO o.a.j.t.JMeterThread: Thread is done: ConTest 1-164
2024-05-29 00:22:12,797 INFO o.a.j.t.JMeterThread: Thread finished: ConTest 1-164
2024-05-29 00:22:13,560 INFO o.a.j.t.JMeterThread: Thread is done: ConTest 1-111
2024-05-29 00:22:13,560 INFO o.a.j.t.JMeterThread: Thread finished: ConTest 1-111
2024-05-29 00:22:13,596 INFO o.a.j.t.JMeterThread: Thread is done: ConTest 1-125
2024-05-29 00:22:13,597 INFO o.a.j.t.JMeterThread: Thread finished: ConTest 1-125
2024-05-29 00:22:15,853 INFO o.a.j.t.JMeterThread: Thread is done: ConTest 1-118
2024-05-29 00:22:15,853 INFO o.a.j.t.JMeterThread: Thread finished: ConTest 1-118
2024-05-29 00:22:16,178 INFO o.a.j.t.JMeterThread: Thread is done: ConTest 1-126
2024-05-29 00:22:16,179 INFO o.a.j.t.JMeterThread: Thread finished: ConTest 1-126
2024-05-29 00:22:20,433 INFO o.a.j.t.JMeterThread: Thread is done: ConTest 1-37
2024-05-29 00:22:20,433 INFO o.a.j.t.JMeterThread: Thread finished: ConTest 1-37
2024-05-29 00:22:20,962 INFO o.a.j.t.JMeterThread: Thread is done: ConTest 1-30
2024-05-29 00:22:20,962 INFO o.a.j.t.JMeterThread: Thread finished: ConTest 1-30
2024-05-29 00:22:21,128 INFO o.a.j.t.JMeterThread: Thread is done: ConTest 1-1
2024-05-29 00:22:21,128 INFO o.a.j.t.JMeterThread: Thread finished: ConTest 1-1
2024-05-29 00:22:22,101 INFO o.a.j.t.JMeterThread: Thread is done: ConTest 1-48
2024-05-29 00:22:22,101 INFO o.a.j.t.JMeterThread: Thread finished: ConTest 1-48
2024-05-29 00:22:22,850 INFO o.a.j.t.JMeterThread: Thread is done: ConTest 1-10
2024-05-29 00:22:22,850 INFO o.a.j.t.JMeterThread: Thread finished: ConTest 1-10
2024-05-29 00:22:23,089 INFO o.a.j.t.JMeterThread: Thread is done: ConTest 1-14
2024-05-29 00:22:23,092 INFO o.a.j.t.JMeterThread: Thread finished: ConTest 1-14
2024-05-29 00:22:24,022 INFO o.a.j.t.JMeterThread: Thread is done: ConTest 1-4
2024-05-29 00:22:24,022 INFO o.a.j.t.JMeterThread: Thread finished: ConTest 1-4
2024-05-29 00:22:24,563 INFO o.a.j.t.JMeterThread: Thread is done: ConTest 1-18
2024-05-29 00:22:24,564 INFO o.a.j.t.JMeterThread: Thread finished: ConTest 1-18
2024-05-29 00:22:27,712 INFO o.a.j.t.JMeterThread: Thread is done: ConTest 1-158
2024-05-29 00:22:27,712 INFO o.a.j.t.JMeterThread: Thread finished: ConTest 1-158
2024-05-29 00:22:28,063 INFO o.a.j.t.JMeterThread: Thread is done: ConTest 1-45
2024-05-29 00:22:28,064 INFO o.a.j.t.JMeterThread: Thread finished: ConTest 1-45
2024-05-29 00:22:28,214 INFO o.a.j.t.JMeterThread: Thread is done: ConTest 1-39
2024-05-29 00:22:28,214 INFO o.a.j.t.JMeterThread: Thread finished: ConTest 1-39
2024-05-29 00:22:28,617 INFO o.a.j.t.JMeterThread: Thread is done: ConTest 1-160
2024-05-29 00:22:28,617 INFO o.a.j.t.JMeterThread: Thread finished: ConTest 1-160
2024-05-29 00:22:29,049 INFO o.a.j.t.JMeterThread: Thread is done: ConTest 1-128
2024-05-29 00:22:29,050 INFO o.a.j.t.JMeterThread: Thread finished: ConTest 1-128
2024-05-29 00:22:30,291 INFO o.a.j.r.Summariser: summary +    159 in 00:00:30 =    5.4/s Avg: 28415 Min:   419 Max: 128813 Err:    31 (19.50%) Active: 118 Started: 200 Finished: 82
2024-05-29 00:22:30,292 INFO o.a.j.r.Summariser: summary =    469 in 00:02:12 =    3.6/s Avg: 19989 Min:    62 Max: 128813 Err:    64 (13.65%)
2024-05-29 00:22:31,023 INFO o.a.j.t.JMeterThread: Thread is done: ConTest 1-50
2024-05-29 00:22:31,023 INFO o.a.j.t.JMeterThread: Thread finished: ConTest 1-50
2024-05-29 00:22:31,879 INFO o.a.j.t.JMeterThread: Thread is done: ConTest 1-28
2024-05-29 00:22:31,879 INFO o.a.j.t.JMeterThread: Thread finished: ConTest 1-28
2024-05-29 00:22:32,096 INFO o.a.j.t.JMeterThread: Thread is done: ConTest 1-197
2024-05-29 00:22:32,096 INFO o.a.j.t.JMeterThread: Thread finished: ConTest 1-197
2024-05-29 00:22:32,730 INFO o.a.j.t.JMeterThread: Thread is done: ConTest 1-175
2024-05-29 00:22:32,730 INFO o.a.j.t.JMeterThread: Thread finished: ConTest 1-175
2024-05-29 00:22:33,093 INFO o.a.j.t.JMeterThread: Thread is done: ConTest 1-34
2024-05-29 00:22:33,093 INFO o.a.j.t.JMeterThread: Thread finished: ConTest 1-34
2024-05-29 00:22:33,463 INFO o.a.j.t.JMeterThread: Thread is done: ConTest 1-26
2024-05-29 00:22:33,463 INFO o.a.j.t.JMeterThread: Thread finished: ConTest 1-26
2024-05-29 00:22:34,768 INFO o.a.j.t.JMeterThread: Thread is done: ConTest 1-195
2024-05-29 00:22:34,769 INFO o.a.j.t.JMeterThread: Thread finished: ConTest 1-195
2024-05-29 00:22:39,249 INFO o.a.j.t.JMeterThread: Thread is done: ConTest 1-179
2024-05-29 00:22:39,249 INFO o.a.j.t.JMeterThread: Thread finished: ConTest 1-179
2024-05-29 00:22:43,137 INFO o.a.j.t.JMeterThread: Thread is done: ConTest 1-85
2024-05-29 00:22:43,137 INFO o.a.j.t.JMeterThread: Thread finished: ConTest 1-85
2024-05-29 00:22:45,348 INFO o.a.j.t.JMeterThread: Thread is done: ConTest 1-87
2024-05-29 00:22:45,348 INFO o.a.j.t.JMeterThread: Thread finished: ConTest 1-87
2024-05-29 00:22:45,722 INFO o.a.j.t.JMeterThread: Thread is done: ConTest 1-95
2024-05-29 00:22:45,722 INFO o.a.j.t.JMeterThread: Thread finished: ConTest 1-95
2024-05-29 00:22:46,475 INFO o.a.j.t.JMeterThread: Thread is done: ConTest 1-19
2024-05-29 00:22:46,475 INFO o.a.j.t.JMeterThread: Thread finished: ConTest 1-19
2024-05-29 00:22:46,632 INFO o.a.j.t.JMeterThread: Thread is done: ConTest 1-180
2024-05-29 00:22:46,633 INFO o.a.j.t.JMeterThread: Thread finished: ConTest 1-180
2024-05-29 00:22:47,331 INFO o.a.j.t.JMeterThread: Thread is done: ConTest 1-78
2024-05-29 00:22:47,331 INFO o.a.j.t.JMeterThread: Thread finished: ConTest 1-78
2024-05-29 00:22:47,484 INFO o.a.j.t.JMeterThread: Thread is done: ConTest 1-23
2024-05-29 00:22:47,484 INFO o.a.j.t.JMeterThread: Thread finished: ConTest 1-23
2024-05-29 00:22:47,601 INFO o.a.j.t.JMeterThread: Thread is done: ConTest 1-52
2024-05-29 00:22:47,601 INFO o.a.j.t.JMeterThread: Thread finished: ConTest 1-52
2024-05-29 00:22:49,283 INFO o.a.j.t.JMeterThread: Thread is done: ConTest 1-101
2024-05-29 00:22:49,283 INFO o.a.j.t.JMeterThread: Thread finished: ConTest 1-101
2024-05-29 00:22:50,583 INFO o.a.j.t.JMeterThread: Thread is done: ConTest 1-63
2024-05-29 00:22:50,583 INFO o.a.j.t.JMeterThread: Thread finished: ConTest 1-63
2024-05-29 00:22:51,779 INFO o.a.j.t.JMeterThread: Thread is done: ConTest 1-41
2024-05-29 00:22:51,780 INFO o.a.j.t.JMeterThread: Thread finished: ConTest 1-41
2024-05-29 00:22:51,813 INFO o.a.j.t.JMeterThread: Thread is done: ConTest 1-73
2024-05-29 00:22:51,813 INFO o.a.j.t.JMeterThread: Thread finished: ConTest 1-73
2024-05-29 00:22:52,399 INFO o.a.j.t.JMeterThread: Thread is done: ConTest 1-88
2024-05-29 00:22:52,399 INFO o.a.j.t.JMeterThread: Thread finished: ConTest 1-88
2024-05-29 00:22:52,785 INFO o.a.j.t.JMeterThread: Thread is done: ConTest 1-91
2024-05-29 00:22:52,785 INFO o.a.j.t.JMeterThread: Thread finished: ConTest 1-91
2024-05-29 00:22:53,452 INFO o.a.j.t.JMeterThread: Thread is done: ConTest 1-57
2024-05-29 00:22:53,452 INFO o.a.j.t.JMeterThread: Thread finished: ConTest 1-57
2024-05-29 00:22:53,480 INFO o.a.j.t.JMeterThread: Thread is done: ConTest 1-77
2024-05-29 00:22:53,481 INFO o.a.j.t.JMeterThread: Thread finished: ConTest 1-77
2024-05-29 00:22:54,258 INFO o.a.j.t.JMeterThread: Thread is done: ConTest 1-67
2024-05-29 00:22:54,258 INFO o.a.j.t.JMeterThread: Thread finished: ConTest 1-67
2024-05-29 00:22:54,699 INFO o.a.j.t.JMeterThread: Thread is done: ConTest 1-3
2024-05-29 00:22:54,699 INFO o.a.j.t.JMeterThread: Thread finished: ConTest 1-3
2024-05-29 00:22:55,464 INFO o.a.j.t.JMeterThread: Thread is done: ConTest 1-92
2024-05-29 00:22:55,464 INFO o.a.j.t.JMeterThread: Thread finished: ConTest 1-92
2024-05-29 00:22:56,719 INFO o.a.j.t.JMeterThread: Thread is done: ConTest 1-17
2024-05-29 00:22:56,719 INFO o.a.j.t.JMeterThread: Thread finished: ConTest 1-17
2024-05-29 00:22:57,686 INFO o.a.j.t.JMeterThread: Thread is done: ConTest 1-183
2024-05-29 00:22:57,686 INFO o.a.j.t.JMeterThread: Thread finished: ConTest 1-183
2024-05-29 00:22:58,467 INFO o.a.j.t.JMeterThread: Thread is done: ConTest 1-12
2024-05-29 00:22:58,468 INFO o.a.j.t.JMeterThread: Thread finished: ConTest 1-12
2024-05-29 00:22:58,579 INFO o.a.j.t.JMeterThread: Thread is done: ConTest 1-55
2024-05-29 00:22:58,579 INFO o.a.j.t.JMeterThread: Thread finished: ConTest 1-55
2024-05-29 00:22:59,200 INFO o.a.j.t.JMeterThread: Thread is done: ConTest 1-96
2024-05-29 00:22:59,200 INFO o.a.j.t.JMeterThread: Thread finished: ConTest 1-96
2024-05-29 00:22:59,393 INFO o.a.j.t.JMeterThread: Thread is done: ConTest 1-35
2024-05-29 00:22:59,393 INFO o.a.j.t.JMeterThread: Thread finished: ConTest 1-35
2024-05-29 00:23:00,145 INFO o.a.j.r.Summariser: summary +    190 in 00:00:30 =    6.4/s Avg: 44647 Min:   537 Max: 139493 Err:    57 (30.00%) Active: 85 Started: 200 Finished: 115
2024-05-29 00:23:00,146 INFO o.a.j.r.Summariser: summary =    659 in 00:02:42 =    4.1/s Avg: 27098 Min:    62 Max: 139493 Err:   121 (18.36%)
2024-05-29 00:23:00,148 INFO o.a.j.t.JMeterThread: Thread is done: ConTest 1-131
2024-05-29 00:23:00,149 INFO o.a.j.t.JMeterThread: Thread finished: ConTest 1-131
2024-05-29 00:23:00,529 INFO o.a.j.t.JMeterThread: Thread is done: ConTest 1-44
2024-05-29 00:23:00,529 INFO o.a.j.t.JMeterThread: Thread finished: ConTest 1-44
2024-05-29 00:23:00,747 INFO o.a.j.t.JMeterThread: Thread is done: ConTest 1-165
2024-05-29 00:23:00,747 INFO o.a.j.t.JMeterThread: Thread finished: ConTest 1-165
2024-05-29 00:23:01,003 INFO o.a.j.t.JMeterThread: Thread is done: ConTest 1-163
2024-05-29 00:23:01,003 INFO o.a.j.t.JMeterThread: Thread finished: ConTest 1-163
2024-05-29 00:23:01,286 INFO o.a.j.t.JMeterThread: Thread is done: ConTest 1-139
2024-05-29 00:23:01,287 INFO o.a.j.t.JMeterThread: Thread finished: ConTest 1-139
2024-05-29 00:23:06,397 INFO o.a.j.t.JMeterThread: Thread is done: ConTest 1-98
2024-05-29 00:23:06,397 INFO o.a.j.t.JMeterThread: Thread finished: ConTest 1-98
2024-05-29 00:23:07,378 INFO o.a.j.t.JMeterThread: Thread is done: ConTest 1-62
2024-05-29 00:23:07,378 INFO o.a.j.t.JMeterThread: Thread finished: ConTest 1-62
2024-05-29 00:23:09,186 INFO o.a.j.t.JMeterThread: Thread is done: ConTest 1-21
2024-05-29 00:23:09,186 INFO o.a.j.t.JMeterThread: Thread finished: ConTest 1-21
2024-05-29 00:23:09,309 INFO o.a.j.t.JMeterThread: Thread is done: ConTest 1-13
2024-05-29 00:23:09,309 INFO o.a.j.t.JMeterThread: Thread finished: ConTest 1-13
2024-05-29 00:23:09,914 INFO o.a.j.t.JMeterThread: Thread is done: ConTest 1-86
2024-05-29 00:23:09,914 INFO o.a.j.t.JMeterThread: Thread finished: ConTest 1-86
2024-05-29 00:23:10,067 INFO o.a.j.t.JMeterThread: Thread is done: ConTest 1-159
2024-05-29 00:23:10,067 INFO o.a.j.t.JMeterThread: Thread finished: ConTest 1-159
2024-05-29 00:23:10,995 INFO o.a.j.t.JMeterThread: Thread is done: ConTest 1-90
2024-05-29 00:23:10,996 INFO o.a.j.t.JMeterThread: Thread finished: ConTest 1-90
2024-05-29 00:23:14,311 INFO o.a.j.t.JMeterThread: Thread is done: ConTest 1-186
2024-05-29 00:23:14,311 INFO o.a.j.t.JMeterThread: Thread finished: ConTest 1-186
2024-05-29 00:23:16,215 INFO o.a.j.t.JMeterThread: Thread is done: ConTest 1-56
2024-05-29 00:23:16,215 INFO o.a.j.t.JMeterThread: Thread finished: ConTest 1-56
2024-05-29 00:23:16,651 INFO o.a.j.t.JMeterThread: Thread is done: ConTest 1-59
2024-05-29 00:23:16,651 INFO o.a.j.t.JMeterThread: Thread finished: ConTest 1-59
2024-05-29 00:23:17,192 INFO o.a.j.t.JMeterThread: Thread is done: ConTest 1-102
2024-05-29 00:23:17,192 INFO o.a.j.t.JMeterThread: Thread finished: ConTest 1-102
2024-05-29 00:23:18,102 INFO o.a.j.t.JMeterThread: Thread is done: ConTest 1-64
2024-05-29 00:23:18,103 INFO o.a.j.t.JMeterThread: Thread finished: ConTest 1-64
2024-05-29 00:23:20,068 INFO o.a.j.t.JMeterThread: Thread is done: ConTest 1-58
2024-05-29 00:23:20,068 INFO o.a.j.t.JMeterThread: Thread finished: ConTest 1-58
2024-05-29 00:23:20,479 INFO o.a.j.t.JMeterThread: Thread is done: ConTest 1-69
2024-05-29 00:23:20,479 INFO o.a.j.t.JMeterThread: Thread finished: ConTest 1-69
2024-05-29 00:23:20,649 INFO o.a.j.t.JMeterThread: Thread is done: ConTest 1-61
2024-05-29 00:23:20,650 INFO o.a.j.t.JMeterThread: Thread finished: ConTest 1-61
2024-05-29 00:23:21,377 INFO o.a.j.t.JMeterThread: Thread is done: ConTest 1-47
2024-05-29 00:23:21,377 INFO o.a.j.t.JMeterThread: Thread finished: ConTest 1-47
2024-05-29 00:23:30,106 INFO o.a.j.r.Summariser: summary +     67 in 00:00:30 =    2.2/s Avg: 12647 Min:   358 Max: 74673 Err:     0 (0.00%) Active: 64 Started: 200 Finished: 136
2024-05-29 00:23:30,108 INFO o.a.j.r.Summariser: summary =    726 in 00:03:12 =    3.8/s Avg: 25765 Min:    62 Max: 139493 Err:   121 (16.67%)
2024-05-29 00:23:30,113 INFO o.a.j.t.JMeterThread: Thread is done: ConTest 1-60
2024-05-29 00:23:30,113 INFO o.a.j.t.JMeterThread: Thread finished: ConTest 1-60
2024-05-29 00:23:31,199 INFO o.a.j.t.JMeterThread: Thread is done: ConTest 1-184
2024-05-29 00:23:31,199 INFO o.a.j.t.JMeterThread: Thread finished: ConTest 1-184
2024-05-29 00:23:39,417 INFO o.a.j.t.JMeterThread: Thread is done: ConTest 1-188
2024-05-29 00:23:39,418 INFO o.a.j.t.JMeterThread: Thread finished: ConTest 1-188
2024-05-29 00:23:43,089 INFO o.a.j.t.JMeterThread: Thread is done: ConTest 1-54
2024-05-29 00:23:43,089 INFO o.a.j.t.JMeterThread: Thread finished: ConTest 1-54
2024-05-29 00:23:43,201 INFO o.a.j.t.JMeterThread: Thread is done: ConTest 1-65
2024-05-29 00:23:43,201 INFO o.a.j.t.JMeterThread: Thread finished: ConTest 1-65
2024-05-29 00:23:43,460 INFO o.a.j.t.JMeterThread: Thread is done: ConTest 1-93
2024-05-29 00:23:43,460 INFO o.a.j.t.JMeterThread: Thread finished: ConTest 1-93
2024-05-29 00:23:46,491 INFO o.a.j.t.JMeterThread: Thread is done: ConTest 1-36
2024-05-29 00:23:46,491 INFO o.a.j.t.JMeterThread: Thread finished: ConTest 1-36
2024-05-29 00:23:47,759 INFO o.a.j.t.JMeterThread: Thread is done: ConTest 1-16
2024-05-29 00:23:47,759 INFO o.a.j.t.JMeterThread: Thread finished: ConTest 1-16
2024-05-29 00:23:48,302 INFO o.a.j.t.JMeterThread: Thread is done: ConTest 1-8
2024-05-29 00:23:48,302 INFO o.a.j.t.JMeterThread: Thread finished: ConTest 1-8
2024-05-29 00:23:48,377 INFO o.a.j.t.JMeterThread: Thread is done: ConTest 1-40
2024-05-29 00:23:48,377 INFO o.a.j.t.JMeterThread: Thread finished: ConTest 1-40
2024-05-29 00:23:49,183 INFO o.a.j.t.JMeterThread: Thread is done: ConTest 1-31
2024-05-29 00:23:49,183 INFO o.a.j.t.JMeterThread: Thread finished: ConTest 1-31
2024-05-29 00:23:49,451 INFO o.a.j.t.JMeterThread: Thread is done: ConTest 1-66
2024-05-29 00:23:49,451 INFO o.a.j.t.JMeterThread: Thread finished: ConTest 1-66
2024-05-29 00:24:00,247 INFO o.a.j.r.Summariser: summary +     54 in 00:00:30 =    1.8/s Avg: 26715 Min:   428 Max: 122840 Err:    10 (18.52%) Active: 52 Started: 200 Finished: 148
2024-05-29 00:24:00,249 INFO o.a.j.r.Summariser: summary =    780 in 00:03:42 =    3.5/s Avg: 25830 Min:    62 Max: 139493 Err:   131 (16.79%)
2024-05-29 00:24:00,525 INFO o.a.j.t.JMeterThread: Thread is done: ConTest 1-138
2024-05-29 00:24:00,525 INFO o.a.j.t.JMeterThread: Thread finished: ConTest 1-138
2024-05-29 00:24:01,178 INFO o.a.j.t.JMeterThread: Thread is done: ConTest 1-133
2024-05-29 00:24:01,178 INFO o.a.j.t.JMeterThread: Thread finished: ConTest 1-133
2024-05-29 00:24:01,378 INFO o.a.j.t.JMeterThread: Thread is done: ConTest 1-114
2024-05-29 00:24:01,379 INFO o.a.j.t.JMeterThread: Thread finished: ConTest 1-114
2024-05-29 00:24:02,711 INFO o.a.j.t.JMeterThread: Thread is done: ConTest 1-134
2024-05-29 00:24:02,711 INFO o.a.j.t.JMeterThread: Thread finished: ConTest 1-134
2024-05-29 00:24:03,751 INFO o.a.j.t.JMeterThread: Thread is done: ConTest 1-147
2024-05-29 00:24:03,754 INFO o.a.j.t.JMeterThread: Thread finished: ConTest 1-147
2024-05-29 00:24:26,372 INFO o.a.j.t.JMeterThread: Thread is done: ConTest 1-196
2024-05-29 00:24:26,372 INFO o.a.j.t.JMeterThread: Thread finished: ConTest 1-196
2024-05-29 00:24:27,958 INFO o.a.j.t.JMeterThread: Thread is done: ConTest 1-191
2024-05-29 00:24:27,958 INFO o.a.j.t.JMeterThread: Thread finished: ConTest 1-191
2024-05-29 00:24:28,430 INFO o.a.j.t.JMeterThread: Thread is done: ConTest 1-194
2024-05-29 00:24:28,430 INFO o.a.j.t.JMeterThread: Thread finished: ConTest 1-194
2024-05-29 00:24:28,847 INFO o.a.j.t.JMeterThread: Thread is done: ConTest 1-193
2024-05-29 00:24:28,847 INFO o.a.j.t.JMeterThread: Thread finished: ConTest 1-193
2024-05-29 00:24:31,399 INFO o.a.j.r.Summariser: summary +     42 in 00:00:31 =    1.3/s Avg: 49964 Min:  1024 Max: 235868 Err:    11 (26.19%) Active: 43 Started: 200 Finished: 157
2024-05-29 00:24:31,402 INFO o.a.j.r.Summariser: summary =    822 in 00:04:13 =    3.2/s Avg: 27064 Min:    62 Max: 235868 Err:   142 (17.27%)
2024-05-29 00:24:32,143 INFO o.a.j.t.JMeterThread: Thread is done: ConTest 1-6
2024-05-29 00:24:32,143 INFO o.a.j.t.JMeterThread: Thread finished: ConTest 1-6
2024-05-29 00:24:33,320 INFO o.a.j.t.JMeterThread: Thread is done: ConTest 1-192
2024-05-29 00:24:33,320 INFO o.a.j.t.JMeterThread: Thread finished: ConTest 1-192
2024-05-29 00:24:34,799 INFO o.a.j.t.JMeterThread: Thread is done: ConTest 1-99
2024-05-29 00:24:34,799 INFO o.a.j.t.JMeterThread: Thread finished: ConTest 1-99
2024-05-29 00:24:36,393 INFO o.a.j.t.JMeterThread: Thread is done: ConTest 1-100
2024-05-29 00:24:36,393 INFO o.a.j.t.JMeterThread: Thread finished: ConTest 1-100
2024-05-29 00:24:37,208 INFO o.a.j.t.JMeterThread: Thread is done: ConTest 1-94
2024-05-29 00:24:37,208 INFO o.a.j.t.JMeterThread: Thread finished: ConTest 1-94
2024-05-29 00:24:37,242 INFO o.a.j.t.JMeterThread: Thread is done: ConTest 1-190
2024-05-29 00:24:37,242 INFO o.a.j.t.JMeterThread: Thread finished: ConTest 1-190
2024-05-29 00:24:45,030 INFO o.a.j.t.JMeterThread: Thread is done: ConTest 1-103
2024-05-29 00:24:45,030 INFO o.a.j.t.JMeterThread: Thread finished: ConTest 1-103
2024-05-29 00:24:46,105 INFO o.a.j.t.JMeterThread: Thread is done: ConTest 1-130
2024-05-29 00:24:46,106 INFO o.a.j.t.JMeterThread: Thread finished: ConTest 1-130
2024-05-29 00:24:47,793 INFO o.a.j.t.JMeterThread: Thread is done: ConTest 1-135
2024-05-29 00:24:47,794 INFO o.a.j.t.JMeterThread: Thread finished: ConTest 1-135
2024-05-29 00:24:49,334 INFO o.a.j.t.JMeterThread: Thread is done: ConTest 1-127
2024-05-29 00:24:49,334 INFO o.a.j.t.JMeterThread: Thread finished: ConTest 1-127
2024-05-29 00:24:50,325 INFO o.a.j.t.JMeterThread: Thread is done: ConTest 1-148
2024-05-29 00:24:50,325 INFO o.a.j.t.JMeterThread: Thread finished: ConTest 1-148
2024-05-29 00:24:52,155 INFO o.a.j.t.JMeterThread: Thread is done: ConTest 1-106
2024-05-29 00:24:52,155 INFO o.a.j.t.JMeterThread: Thread finished: ConTest 1-106
2024-05-29 00:24:52,243 INFO o.a.j.t.JMeterThread: Thread is done: ConTest 1-124
2024-05-29 00:24:52,243 INFO o.a.j.t.JMeterThread: Thread finished: ConTest 1-124
2024-05-29 00:24:56,054 INFO o.a.j.t.JMeterThread: Thread is done: ConTest 1-144
2024-05-29 00:24:56,054 INFO o.a.j.t.JMeterThread: Thread finished: ConTest 1-144
2024-05-29 00:24:59,024 INFO o.a.j.t.JMeterThread: Thread is done: ConTest 1-142
2024-05-29 00:24:59,024 INFO o.a.j.t.JMeterThread: Thread finished: ConTest 1-142
2024-05-29 00:24:59,402 INFO o.a.j.t.JMeterThread: Thread is done: ConTest 1-82
2024-05-29 00:24:59,402 INFO o.a.j.t.JMeterThread: Thread finished: ConTest 1-82
2024-05-29 00:24:59,719 INFO o.a.j.t.JMeterThread: Thread is done: ConTest 1-76
2024-05-29 00:24:59,720 INFO o.a.j.t.JMeterThread: Thread finished: ConTest 1-76
2024-05-29 00:25:00,154 INFO o.a.j.r.Summariser: summary +     92 in 00:00:29 =    3.2/s Avg: 84186 Min:  1157 Max: 256934 Err:    36 (39.13%) Active: 26 Started: 200 Finished: 174
2024-05-29 00:25:00,156 INFO o.a.j.r.Summariser: summary =    914 in 00:04:42 =    3.2/s Avg: 32813 Min:    62 Max: 256934 Err:   178 (19.47%)
2024-05-29 00:25:01,120 INFO o.a.j.t.JMeterThread: Thread is done: ConTest 1-83
2024-05-29 00:25:01,121 INFO o.a.j.t.JMeterThread: Thread finished: ConTest 1-83
2024-05-29 00:25:03,498 INFO o.a.j.t.JMeterThread: Thread is done: ConTest 1-7
2024-05-29 00:25:03,498 INFO o.a.j.t.JMeterThread: Thread finished: ConTest 1-7
2024-05-29 00:25:04,275 INFO o.a.j.t.JMeterThread: Thread is done: ConTest 1-72
2024-05-29 00:25:04,275 INFO o.a.j.t.JMeterThread: Thread finished: ConTest 1-72
2024-05-29 00:25:04,388 INFO o.a.j.t.JMeterThread: Thread is done: ConTest 1-84
2024-05-29 00:25:04,388 INFO o.a.j.t.JMeterThread: Thread finished: ConTest 1-84
2024-05-29 00:25:04,561 INFO o.a.j.t.JMeterThread: Thread is done: ConTest 1-74
2024-05-29 00:25:04,561 INFO o.a.j.t.JMeterThread: Thread finished: ConTest 1-74
2024-05-29 00:25:05,803 INFO o.a.j.t.JMeterThread: Thread is done: ConTest 1-71
2024-05-29 00:25:05,803 INFO o.a.j.t.JMeterThread: Thread finished: ConTest 1-71
2024-05-29 00:25:08,334 INFO o.a.j.t.JMeterThread: Thread is done: ConTest 1-75
2024-05-29 00:25:08,334 INFO o.a.j.t.JMeterThread: Thread finished: ConTest 1-75
2024-05-29 00:25:09,275 INFO o.a.j.t.JMeterThread: Thread is done: ConTest 1-79
2024-05-29 00:25:09,275 INFO o.a.j.t.JMeterThread: Thread finished: ConTest 1-79
2024-05-29 00:25:11,573 INFO o.a.j.t.JMeterThread: Thread is done: ConTest 1-89
2024-05-29 00:25:11,573 INFO o.a.j.t.JMeterThread: Thread finished: ConTest 1-89
2024-05-29 00:25:13,918 INFO o.a.j.t.JMeterThread: Thread is done: ConTest 1-97
2024-05-29 00:25:13,919 INFO o.a.j.t.JMeterThread: Thread finished: ConTest 1-97
2024-05-29 00:25:14,351 INFO o.a.j.t.JMeterThread: Thread is done: ConTest 1-122
2024-05-29 00:25:14,351 INFO o.a.j.t.JMeterThread: Thread finished: ConTest 1-122
2024-05-29 00:25:15,390 INFO o.a.j.t.JMeterThread: Thread is done: ConTest 1-143
2024-05-29 00:25:15,390 INFO o.a.j.t.JMeterThread: Thread finished: ConTest 1-143
2024-05-29 00:25:15,471 INFO o.a.j.t.JMeterThread: Thread is done: ConTest 1-136
2024-05-29 00:25:15,471 INFO o.a.j.t.JMeterThread: Thread finished: ConTest 1-136
2024-05-29 00:25:16,144 INFO o.a.j.t.JMeterThread: Thread is done: ConTest 1-80
2024-05-29 00:25:16,144 INFO o.a.j.t.JMeterThread: Thread finished: ConTest 1-80
2024-05-29 00:25:16,322 INFO o.a.j.t.JMeterThread: Thread is done: ConTest 1-49
2024-05-29 00:25:16,322 INFO o.a.j.t.JMeterThread: Thread finished: ConTest 1-49
2024-05-29 00:25:16,824 INFO o.a.j.t.JMeterThread: Thread is done: ConTest 1-137
2024-05-29 00:25:16,824 INFO o.a.j.t.JMeterThread: Thread finished: ConTest 1-137
2024-05-29 00:25:22,438 INFO o.a.j.t.JMeterThread: Thread is done: ConTest 1-81
2024-05-29 00:25:22,438 INFO o.a.j.t.JMeterThread: Thread finished: ConTest 1-81
2024-05-29 00:25:41,284 INFO o.a.j.t.JMeterThread: Thread is done: ConTest 1-108
2024-05-29 00:25:41,284 INFO o.a.j.t.JMeterThread: Thread finished: ConTest 1-108
2024-05-29 00:25:41,403 INFO o.a.j.t.JMeterThread: Thread is done: ConTest 1-129
2024-05-29 00:25:41,403 INFO o.a.j.t.JMeterThread: Thread finished: ConTest 1-129
2024-05-29 00:25:45,258 INFO o.a.j.t.JMeterThread: Thread is done: ConTest 1-156
2024-05-29 00:25:45,258 INFO o.a.j.t.JMeterThread: Thread finished: ConTest 1-156
2024-05-29 00:25:46,818 INFO o.a.j.t.JMeterThread: Thread is done: ConTest 1-105
2024-05-29 00:25:46,818 INFO o.a.j.t.JMeterThread: Thread finished: ConTest 1-105
2024-05-29 00:26:43,570 INFO o.a.j.t.JMeterThread: Thread is done: ConTest 1-154
2024-05-29 00:26:43,570 INFO o.a.j.t.JMeterThread: Thread finished: ConTest 1-154
2024-05-29 00:26:44,532 INFO o.a.j.t.JMeterThread: Thread is done: ConTest 1-152
2024-05-29 00:26:44,532 INFO o.a.j.t.JMeterThread: Thread finished: ConTest 1-152
2024-05-29 00:26:45,544 INFO o.a.j.t.JMeterThread: Thread is done: ConTest 1-140
2024-05-29 00:26:45,544 INFO o.a.j.t.JMeterThread: Thread finished: ConTest 1-140
2024-05-29 00:26:46,351 INFO o.a.j.t.JMeterThread: Thread is done: ConTest 1-150
2024-05-29 00:26:46,351 INFO o.a.j.t.JMeterThread: Thread finished: ConTest 1-150
2024-05-29 00:26:47,203 INFO o.a.j.t.JMeterThread: Thread is done: ConTest 1-109
2024-05-29 00:26:47,203 INFO o.a.j.t.JMeterThread: Thread finished: ConTest 1-109
2024-05-29 00:26:47,205 INFO o.a.j.e.StandardJMeterEngine: Notifying test listeners of end of test
2024-05-29 00:26:47,212 INFO o.a.j.r.Summariser: summary +     86 in 00:01:47 =    0.8/s Avg: 14975 Min:   722 Max: 122859 Err:     5 (5.81%) Active: 0 Started: 200 Finished: 200
2024-05-29 00:26:47,214 INFO o.a.j.r.Summariser: summary =   1000 in 00:06:29 =    2.6/s Avg: 31279 Min:    62 Max: 256934 Err:   183 (18.30%)
2024-05-29 00:26:47,220 INFO o.a.j.JMeter: Generating Dashboard
2024-05-29 00:26:47,220 INFO o.a.j.r.d.ReportGenerator: Flushing result collector before report Generation
2024-05-29 00:26:47,249 INFO o.a.j.r.p.NormalizerSampleConsumer: Using format, 'ms', to parse timeStamp field
2024-05-29 00:26:47,744 INFO o.a.j.r.p.AbstractSampleConsumer: class org.apache.jmeter.report.processor.AggregateConsumer#stopProducing(): beginDate produced 0 samples
2024-05-29 00:26:47,746 INFO o.a.j.r.p.AbstractSampleConsumer: class org.apache.jmeter.report.processor.AggregateConsumer#stopProducing(): endDate produced 0 samples
2024-05-29 00:26:47,760 INFO o.a.j.r.p.AbstractSampleConsumer: class org.apache.jmeter.report.processor.ApdexSummaryConsumer#stopProducing(): apdexSummary produced 0 samples
2024-05-29 00:26:47,761 INFO o.a.j.r.p.AbstractSampleConsumer: class org.apache.jmeter.report.processor.RequestsSummaryConsumer#stopProducing(): requestsSummary produced 0 samples
2024-05-29 00:26:47,795 INFO o.a.j.r.p.AbstractSampleConsumer: class org.apache.jmeter.report.processor.StatisticsSummaryConsumer#stopProducing(): statisticsSummary produced 0 samples
2024-05-29 00:26:47,801 INFO o.a.j.r.p.AbstractSampleConsumer: class org.apache.jmeter.report.processor.Top5ErrorsBySamplerConsumer#stopProducing(): top5ErrorsBySampler produced 0 samples
2024-05-29 00:26:47,801 INFO o.a.j.r.p.AbstractSampleConsumer: class org.apache.jmeter.report.processor.ErrorsSummaryConsumer#stopProducing(): errorsSummary produced 0 samples
2024-05-29 00:26:47,801 INFO o.a.j.r.p.AbstractSampleConsumer: class org.apache.jmeter.report.processor.graph.impl.HitsPerSecondGraphConsumer#stopProducing(): hitsPerSecond produced 0 samples
2024-05-29 00:26:47,905 INFO o.a.j.r.p.AbstractSampleConsumer: class org.apache.jmeter.report.processor.graph.impl.LatencyVSRequestGraphConsumer#stopProducing(): latencyVsRequest produced 0 samples
2024-05-29 00:26:47,908 INFO o.a.j.r.p.AbstractSampleConsumer: class org.apache.jmeter.report.processor.graph.impl.SyntheticResponseTimeDistributionGraphConsumer#stopProducing(): syntheticResponseTimeDistribution produced 0 samples
2024-05-29 00:26:47,909 INFO o.a.j.r.p.AbstractSampleConsumer: class org.apache.jmeter.report.processor.graph.impl.BytesThroughputGraphConsumer#stopProducing(): bytesThroughputOverTime produced 0 samples
2024-05-29 00:26:47,910 INFO o.a.j.r.p.AbstractSampleConsumer: class org.apache.jmeter.report.processor.graph.impl.CodesPerSecondGraphConsumer#stopProducing(): codesPerSecond produced 0 samples
2024-05-29 00:26:47,964 INFO o.a.j.r.p.AbstractSampleConsumer: class org.apache.jmeter.report.processor.graph.impl.ResponseTimeVSRequestGraphConsumer#stopProducing(): responseTimeVsRequest produced 0 samples
2024-05-29 00:26:47,967 INFO o.a.j.r.p.AbstractSampleConsumer: class org.apache.jmeter.report.processor.FilterConsumer#stopProducing(): startIntervalControlerFilter produced 7000 samples
2024-05-29 00:26:47,967 INFO o.a.j.r.p.AbstractSampleConsumer: class org.apache.jmeter.report.processor.graph.impl.TotalTPSGraphConsumer#stopProducing(): totalTPS produced 0 samples
2024-05-29 00:26:47,967 INFO o.a.j.r.p.AbstractSampleConsumer: class org.apache.jmeter.report.processor.graph.impl.ActiveThreadsGraphConsumer#stopProducing(): activeThreadsOverTime produced 0 samples
2024-05-29 00:26:47,967 INFO o.a.j.r.p.AbstractSampleConsumer: class org.apache.jmeter.report.processor.graph.impl.TimeVSThreadGraphConsumer#stopProducing(): timeVsThreads produced 0 samples
2024-05-29 00:26:47,970 INFO o.a.j.r.p.AbstractSampleConsumer: class org.apache.jmeter.report.processor.graph.impl.ResponseTimeDistributionGraphConsumer#stopProducing(): responseTimeDistribution produced 0 samples
2024-05-29 00:26:47,970 INFO o.a.j.r.p.AbstractSampleConsumer: class org.apache.jmeter.report.processor.graph.impl.TransactionsPerSecondGraphConsumer#stopProducing(): transactionsPerSecond produced 0 samples
2024-05-29 00:26:47,972 INFO o.a.j.r.p.AbstractSampleConsumer: class org.apache.jmeter.report.processor.graph.impl.ResponseTimePercentilesGraphConsumer#stopProducing(): responseTimePercentiles produced 0 samples
2024-05-29 00:26:47,978 INFO o.a.j.r.p.AbstractSampleConsumer: class org.apache.jmeter.report.processor.graph.impl.ResponseTimePercentilesOverTimeGraphConsumer#stopProducing(): responseTimePercentilesOverTime produced 0 samples
2024-05-29 00:26:47,980 INFO o.a.j.r.p.AbstractSampleConsumer: class org.apache.jmeter.report.processor.graph.impl.ResponseTimeOverTimeGraphConsumer#stopProducing(): responseTimesOverTime produced 0 samples
2024-05-29 00:26:47,980 INFO o.a.j.r.p.AbstractSampleConsumer: class org.apache.jmeter.report.processor.graph.impl.ConnectTimeOverTimeGraphConsumer#stopProducing(): connectTimeOverTime produced 0 samples
2024-05-29 00:26:47,980 INFO o.a.j.r.p.AbstractSampleConsumer: class org.apache.jmeter.report.processor.graph.impl.LatencyOverTimeGraphConsumer#stopProducing(): latenciesOverTime produced 0 samples
2024-05-29 00:26:47,980 INFO o.a.j.r.p.AbstractSampleConsumer: class org.apache.jmeter.report.processor.FilterConsumer#stopProducing(): nameFilter produced 15000 samples
2024-05-29 00:26:47,980 INFO o.a.j.r.p.AbstractSampleConsumer: class org.apache.jmeter.report.processor.FilterConsumer#stopProducing(): dateRangeFilter produced 3000 samples
2024-05-29 00:26:47,980 INFO o.a.j.r.p.AbstractSampleConsumer: class org.apache.jmeter.report.processor.NormalizerSampleConsumer#stopProducing(): normalizer produced 1000 samples
2024-05-29 00:26:47,981 INFO o.a.j.r.p.CsvFileSampleSource: produce(): 1000 samples produced in 672ms on channel 0
2024-05-29 00:26:47,982 INFO o.a.j.r.d.ReportGenerator: Exporting data using exporter:'json' of className:'org.apache.jmeter.report.dashboard.JsonExporter'
2024-05-29 00:26:48,363 INFO o.a.j.r.d.JsonExporter: Found data for consumer statisticsSummaryin context
2024-05-29 00:26:48,363 INFO o.a.j.r.d.JsonExporter: Creating statistics for overall
2024-05-29 00:26:48,364 INFO o.a.j.r.d.JsonExporter: Creating statistics for other transactions
2024-05-29 00:26:48,364 INFO o.a.j.r.d.JsonExporter: Checking output folder
2024-05-29 00:26:48,366 INFO o.a.j.r.d.JsonExporter: Writing statistics JSON to C:\Users\admin\Downloads\apache-jmeter-5.6.3\apache-jmeter-5.6.3\bin\result\result10thread\statistics.json
2024-05-29 00:26:48,557 INFO o.a.j.r.d.ReportGenerator: Exporting data using exporter:'html' of className:'org.apache.jmeter.report.dashboard.HtmlTemplateExporter'
2024-05-29 00:26:48,564 INFO o.a.j.r.d.HtmlTemplateExporter: Will generate dashboard in folder: C:\Users\admin\Downloads\apache-jmeter-5.6.3\apache-jmeter-5.6.3\bin\result\result10thread
2024-05-29 00:26:48,899 INFO o.a.j.r.d.HtmlTemplateExporter: Report will be generated in: C:\Users\admin\Downloads\apache-jmeter-5.6.3\apache-jmeter-5.6.3\bin\result\result10thread, creating folder structure
2024-05-29 00:26:48,911 INFO o.a.j.r.d.TemplateVisitor: Copying folder from 'C:\Users\admin\Downloads\apache-jmeter-5.6.3\apache-jmeter-5.6.3\bin\report-template' to 'C:\Users\admin\Downloads\apache-jmeter-5.6.3\apache-jmeter-5.6.3\bin\result\result10thread', got message: C:\Users\admin\Downloads\apache-jmeter-5.6.3\apache-jmeter-5.6.3\bin\result\result10thread, found non empty folder with following content [C:\Users\admin\Downloads\apache-jmeter-5.6.3\apache-jmeter-5.6.3\bin\result\result10thread\statistics.json], will be ignored
2024-05-29 00:26:50,209 INFO o.a.j.JMeter: Dashboard generated
